<?xml version="1.0" encoding="UTF-8"?>
<!-- Generated by org.testng.reporters.JUnitXMLReporter -->
<testsuite ignored="0" hostname="DESKTOP-O8069B7" failures="0" tests="6" name="Sample Tests" time="45.796" errors="0" timestamp="2024-08-16T13:15:45 EDT">
  <testcase classname="com.resolver.tests.SampleTests" name="TestOne" time="0.106"/>
  <testcase classname="com.resolver.tests.SampleTests" name="TestTwo" time="0.089"/>
  <testcase classname="com.resolver.tests.SampleTests" name="TestThree" time="0.514"/>
  <testcase classname="com.resolver.tests.SampleTests" name="TestFour" time="0.054"/>
  <testcase classname="com.resolver.tests.SampleTests" name="TestFive" time="9.676"/>
  <testcase classname="com.resolver.tests.SampleTests" name="TestSix" time="0.097"/>
</testsuite> <!-- Sample Tests -->
