<?xml version="1.0" encoding="UTF-8"?>
<!-- Generated by org.testng.reporters.JUnitXMLReporter -->
<testsuite ignored="0" hostname="DESKTOP-O8069B7" failures="0" tests="6" name="Sample Tests" time="42.424" errors="0" timestamp="2024-08-19T14:02:26 EDT">
  <testcase classname="com.resolver.tests.SampleTests" name="TestOne" time="0.174"/>
  <testcase classname="com.resolver.tests.SampleTests" name="TestTwo" time="0.093"/>
  <testcase classname="com.resolver.tests.SampleTests" name="TestThree" time="0.505"/>
  <testcase classname="com.resolver.tests.SampleTests" name="TestFour" time="0.048"/>
  <testcase classname="com.resolver.tests.SampleTests" name="TestFive" time="9.62"/>
  <testcase classname="com.resolver.tests.SampleTests" name="TestSix" time="0.069"/>
</testsuite> <!-- Sample Tests -->
