<?xml version="1.0" encoding="UTF-8"?>
<testng-results ignored="0" total="6" passed="6" failed="0" skipped="0">
  <reporter-output>
  </reporter-output>
  <suite started-at="2024-08-16T13:14:59 EDT" name="Suite" finished-at="2024-08-16T13:15:45 EDT" duration-ms="45796">
    <groups>
    </groups>
    <test started-at="2024-08-16T13:14:59 EDT" name="Sample Tests" finished-at="2024-08-16T13:15:45 EDT" duration-ms="45796">
      <class name="com.resolver.tests.SampleTests">
        <test-method is-config="true" signature="launchApplication()[pri:0, instance:com.resolver.tests.SampleTests@3ad83a66]" started-at="2024-08-16T13:14:59 EDT" name="launchApplication" finished-at="2024-08-16T13:15:04 EDT" duration-ms="4966" status="PASS">
          <reporter-output>
          </reporter-output>
        </test-method> <!-- launchApplication -->
        <test-method signature="TestOne()[pri:1, instance:com.resolver.tests.SampleTests@3ad83a66]" started-at="2024-08-16T13:15:04 EDT" name="TestOne" finished-at="2024-08-16T13:15:04 EDT" duration-ms="106" status="PASS">
          <reporter-output>
          </reporter-output>
        </test-method> <!-- TestOne -->
        <test-method is-config="true" signature="tearDown()[pri:0, instance:com.resolver.tests.SampleTests@3ad83a66]" started-at="2024-08-16T13:15:04 EDT" name="tearDown" finished-at="2024-08-16T13:15:05 EDT" duration-ms="956" status="PASS">
          <reporter-output>
          </reporter-output>
        </test-method> <!-- tearDown -->
        <test-method is-config="true" signature="launchApplication()[pri:0, instance:com.resolver.tests.SampleTests@3ad83a66]" started-at="2024-08-16T13:15:05 EDT" name="launchApplication" finished-at="2024-08-16T13:15:09 EDT" duration-ms="4299" status="PASS">
          <reporter-output>
          </reporter-output>
        </test-method> <!-- launchApplication -->
        <test-method signature="TestTwo()[pri:2, instance:com.resolver.tests.SampleTests@3ad83a66]" started-at="2024-08-16T13:15:09 EDT" name="TestTwo" finished-at="2024-08-16T13:15:09 EDT" duration-ms="89" status="PASS">
          <reporter-output>
          </reporter-output>
        </test-method> <!-- TestTwo -->
        <test-method is-config="true" signature="tearDown()[pri:0, instance:com.resolver.tests.SampleTests@3ad83a66]" started-at="2024-08-16T13:15:09 EDT" name="tearDown" finished-at="2024-08-16T13:15:10 EDT" duration-ms="1248" status="PASS">
          <reporter-output>
          </reporter-output>
        </test-method> <!-- tearDown -->
        <test-method is-config="true" signature="launchApplication()[pri:0, instance:com.resolver.tests.SampleTests@3ad83a66]" started-at="2024-08-16T13:15:10 EDT" name="launchApplication" finished-at="2024-08-16T13:15:17 EDT" duration-ms="6394" status="PASS">
          <reporter-output>
          </reporter-output>
        </test-method> <!-- launchApplication -->
        <test-method signature="TestThree()[pri:3, instance:com.resolver.tests.SampleTests@3ad83a66]" started-at="2024-08-16T13:15:17 EDT" name="TestThree" finished-at="2024-08-16T13:15:17 EDT" duration-ms="514" status="PASS">
          <reporter-output>
          </reporter-output>
        </test-method> <!-- TestThree -->
        <test-method is-config="true" signature="tearDown()[pri:0, instance:com.resolver.tests.SampleTests@3ad83a66]" started-at="2024-08-16T13:15:17 EDT" name="tearDown" finished-at="2024-08-16T13:15:18 EDT" duration-ms="1007" status="PASS">
          <reporter-output>
          </reporter-output>
        </test-method> <!-- tearDown -->
        <test-method is-config="true" signature="launchApplication()[pri:0, instance:com.resolver.tests.SampleTests@3ad83a66]" started-at="2024-08-16T13:15:18 EDT" name="launchApplication" finished-at="2024-08-16T13:15:23 EDT" duration-ms="4531" status="PASS">
          <reporter-output>
          </reporter-output>
        </test-method> <!-- launchApplication -->
        <test-method signature="TestFour()[pri:4, instance:com.resolver.tests.SampleTests@3ad83a66]" started-at="2024-08-16T13:15:23 EDT" name="TestFour" finished-at="2024-08-16T13:15:23 EDT" duration-ms="54" status="PASS">
          <reporter-output>
          </reporter-output>
        </test-method> <!-- TestFour -->
        <test-method is-config="true" signature="tearDown()[pri:0, instance:com.resolver.tests.SampleTests@3ad83a66]" started-at="2024-08-16T13:15:23 EDT" name="tearDown" finished-at="2024-08-16T13:15:24 EDT" duration-ms="921" status="PASS">
          <reporter-output>
          </reporter-output>
        </test-method> <!-- tearDown -->
        <test-method is-config="true" signature="launchApplication()[pri:0, instance:com.resolver.tests.SampleTests@3ad83a66]" started-at="2024-08-16T13:15:24 EDT" name="launchApplication" finished-at="2024-08-16T13:15:28 EDT" duration-ms="4119" status="PASS">
          <reporter-output>
          </reporter-output>
        </test-method> <!-- launchApplication -->
        <test-method signature="TestFive()[pri:5, instance:com.resolver.tests.SampleTests@3ad83a66]" started-at="2024-08-16T13:15:28 EDT" name="TestFive" finished-at="2024-08-16T13:15:38 EDT" duration-ms="9676" status="PASS">
          <reporter-output>
          </reporter-output>
        </test-method> <!-- TestFive -->
        <test-method is-config="true" signature="tearDown()[pri:0, instance:com.resolver.tests.SampleTests@3ad83a66]" started-at="2024-08-16T13:15:38 EDT" name="tearDown" finished-at="2024-08-16T13:15:39 EDT" duration-ms="1120" status="PASS">
          <reporter-output>
          </reporter-output>
        </test-method> <!-- tearDown -->
        <test-method is-config="true" signature="launchApplication()[pri:0, instance:com.resolver.tests.SampleTests@3ad83a66]" started-at="2024-08-16T13:15:39 EDT" name="launchApplication" finished-at="2024-08-16T13:15:43 EDT" duration-ms="4563" status="PASS">
          <reporter-output>
          </reporter-output>
        </test-method> <!-- launchApplication -->
        <test-method signature="TestSix()[pri:6, instance:com.resolver.tests.SampleTests@3ad83a66]" started-at="2024-08-16T13:15:43 EDT" name="TestSix" finished-at="2024-08-16T13:15:43 EDT" duration-ms="97" status="PASS">
          <reporter-output>
          </reporter-output>
        </test-method> <!-- TestSix -->
        <test-method is-config="true" signature="tearDown()[pri:0, instance:com.resolver.tests.SampleTests@3ad83a66]" started-at="2024-08-16T13:15:43 EDT" name="tearDown" finished-at="2024-08-16T13:15:45 EDT" duration-ms="1082" status="PASS">
          <reporter-output>
          </reporter-output>
        </test-method> <!-- tearDown -->
      </class> <!-- com.resolver.tests.SampleTests -->
    </test> <!-- Sample Tests -->
  </suite> <!-- Suite -->
</testng-results>
