<?xml version="1.0" encoding="UTF-8"?>
<testng-results ignored="0" total="6" passed="6" failed="0" skipped="0">
  <reporter-output>
  </reporter-output>
  <suite started-at="2024-08-19T13:25:33 EDT" name="Suite" finished-at="2024-08-19T13:26:14 EDT" duration-ms="41186">
    <groups>
    </groups>
    <test started-at="2024-08-19T13:25:33 EDT" name="Sample Tests" finished-at="2024-08-19T13:26:14 EDT" duration-ms="41186">
      <class name="com.resolver.tests.SampleTests">
        <test-method is-config="true" signature="launchApplication()[pri:0, instance:com.resolver.tests.SampleTests@2de56eb2]" started-at="2024-08-19T13:25:33 EDT" name="launchApplication" finished-at="2024-08-19T13:25:38 EDT" duration-ms="5356" status="PASS">
          <reporter-output>
          </reporter-output>
        </test-method> <!-- launchApplication -->
        <test-method signature="TestOne()[pri:1, instance:com.resolver.tests.SampleTests@2de56eb2]" started-at="2024-08-19T13:25:38 EDT" name="TestOne" finished-at="2024-08-19T13:25:41 EDT" duration-ms="3184" status="PASS">
          <reporter-output>
          </reporter-output>
        </test-method> <!-- TestOne -->
        <test-method is-config="true" signature="tearDown()[pri:0, instance:com.resolver.tests.SampleTests@2de56eb2]" started-at="2024-08-19T13:25:41 EDT" name="tearDown" finished-at="2024-08-19T13:25:42 EDT" duration-ms="1208" status="PASS">
          <reporter-output>
          </reporter-output>
        </test-method> <!-- tearDown -->
        <test-method is-config="true" signature="launchApplication()[pri:0, instance:com.resolver.tests.SampleTests@2de56eb2]" started-at="2024-08-19T13:25:42 EDT" name="launchApplication" finished-at="2024-08-19T13:25:47 EDT" duration-ms="4320" status="PASS">
          <reporter-output>
          </reporter-output>
        </test-method> <!-- launchApplication -->
        <test-method signature="TestTwo()[pri:2, instance:com.resolver.tests.SampleTests@2de56eb2]" started-at="2024-08-19T13:25:47 EDT" name="TestTwo" finished-at="2024-08-19T13:25:47 EDT" duration-ms="78" status="PASS">
          <reporter-output>
          </reporter-output>
        </test-method> <!-- TestTwo -->
        <test-method is-config="true" signature="tearDown()[pri:0, instance:com.resolver.tests.SampleTests@2de56eb2]" started-at="2024-08-19T13:25:47 EDT" name="tearDown" finished-at="2024-08-19T13:25:48 EDT" duration-ms="1039" status="PASS">
          <reporter-output>
          </reporter-output>
        </test-method> <!-- tearDown -->
        <test-method is-config="true" signature="launchApplication()[pri:0, instance:com.resolver.tests.SampleTests@2de56eb2]" started-at="2024-08-19T13:25:48 EDT" name="launchApplication" finished-at="2024-08-19T13:25:52 EDT" duration-ms="4090" status="PASS">
          <reporter-output>
          </reporter-output>
        </test-method> <!-- launchApplication -->
        <test-method signature="TestThree()[pri:3, instance:com.resolver.tests.SampleTests@2de56eb2]" started-at="2024-08-19T13:25:52 EDT" name="TestThree" finished-at="2024-08-19T13:25:52 EDT" duration-ms="516" status="PASS">
          <reporter-output>
          </reporter-output>
        </test-method> <!-- TestThree -->
        <test-method is-config="true" signature="tearDown()[pri:0, instance:com.resolver.tests.SampleTests@2de56eb2]" started-at="2024-08-19T13:25:52 EDT" name="tearDown" finished-at="2024-08-19T13:25:54 EDT" duration-ms="1219" status="PASS">
          <reporter-output>
          </reporter-output>
        </test-method> <!-- tearDown -->
        <test-method is-config="true" signature="launchApplication()[pri:0, instance:com.resolver.tests.SampleTests@2de56eb2]" started-at="2024-08-19T13:25:54 EDT" name="launchApplication" finished-at="2024-08-19T13:25:58 EDT" duration-ms="4185" status="PASS">
          <reporter-output>
          </reporter-output>
        </test-method> <!-- launchApplication -->
        <test-method signature="TestFour()[pri:4, instance:com.resolver.tests.SampleTests@2de56eb2]" started-at="2024-08-19T13:25:58 EDT" name="TestFour" finished-at="2024-08-19T13:25:58 EDT" duration-ms="52" status="PASS">
          <reporter-output>
          </reporter-output>
        </test-method> <!-- TestFour -->
        <test-method is-config="true" signature="tearDown()[pri:0, instance:com.resolver.tests.SampleTests@2de56eb2]" started-at="2024-08-19T13:25:58 EDT" name="tearDown" finished-at="2024-08-19T13:25:59 EDT" duration-ms="906" status="PASS">
          <reporter-output>
          </reporter-output>
        </test-method> <!-- tearDown -->
        <test-method is-config="true" signature="launchApplication()[pri:0, instance:com.resolver.tests.SampleTests@2de56eb2]" started-at="2024-08-19T13:25:59 EDT" name="launchApplication" finished-at="2024-08-19T13:26:03 EDT" duration-ms="4021" status="PASS">
          <reporter-output>
          </reporter-output>
        </test-method> <!-- launchApplication -->
        <test-method signature="TestFive()[pri:5, instance:com.resolver.tests.SampleTests@2de56eb2]" started-at="2024-08-19T13:26:03 EDT" name="TestFive" finished-at="2024-08-19T13:26:07 EDT" duration-ms="4449" status="PASS">
          <reporter-output>
          </reporter-output>
        </test-method> <!-- TestFive -->
        <test-method is-config="true" signature="tearDown()[pri:0, instance:com.resolver.tests.SampleTests@2de56eb2]" started-at="2024-08-19T13:26:07 EDT" name="tearDown" finished-at="2024-08-19T13:26:08 EDT" duration-ms="1152" status="PASS">
          <reporter-output>
          </reporter-output>
        </test-method> <!-- tearDown -->
        <test-method is-config="true" signature="launchApplication()[pri:0, instance:com.resolver.tests.SampleTests@2de56eb2]" started-at="2024-08-19T13:26:08 EDT" name="launchApplication" finished-at="2024-08-19T13:26:13 EDT" duration-ms="4194" status="PASS">
          <reporter-output>
          </reporter-output>
        </test-method> <!-- launchApplication -->
        <test-method signature="TestSix()[pri:6, instance:com.resolver.tests.SampleTests@2de56eb2]" started-at="2024-08-19T13:26:13 EDT" name="TestSix" finished-at="2024-08-19T13:26:13 EDT" duration-ms="77" status="PASS">
          <reporter-output>
          </reporter-output>
        </test-method> <!-- TestSix -->
        <test-method is-config="true" signature="tearDown()[pri:0, instance:com.resolver.tests.SampleTests@2de56eb2]" started-at="2024-08-19T13:26:13 EDT" name="tearDown" finished-at="2024-08-19T13:26:14 EDT" duration-ms="1092" status="PASS">
          <reporter-output>
          </reporter-output>
        </test-method> <!-- tearDown -->
      </class> <!-- com.resolver.tests.SampleTests -->
    </test> <!-- Sample Tests -->
  </suite> <!-- Suite -->
</testng-results>
